<?xml version="1.0" encoding="UTF-8"?>
<!-- Generated by org.testng.reporters.JUnitReportReporter -->
<testsuite skipped="0" hostname="Asthas-Air" name="com.game.console.validator.ValidatorForColumnAndRowsTest" tests="3" failures="0" timestamp="28 Feb 2018 07:12:55 GMT" time="0.044" errors="0">
  <testcase name="TestRowInvalidColumnValid" time="0.003" classname="com.game.console.validator.ValidatorForColumnAndRowsTest"/>
  <testcase name="TestRowValidColumnInvalid" time="0.002" classname="com.game.console.validator.ValidatorForColumnAndRowsTest"/>
  <testcase name="TestRowColumnValid" time="0.039" classname="com.game.console.validator.ValidatorForColumnAndRowsTest"/>
</testsuite> <!-- com.game.console.validator.ValidatorForColumnAndRowsTest -->
